<?xml version="1.0" encoding="UTF-8"?>
<!-- Generated by org.testng.reporters.JUnitReportReporter -->
<testsuite skipped="0" hostname="IBM416-PC0GHZYW" name="Test.Jmathi.AppTest" tests="1" failures="0" timestamp="29 Mar 2018 13:31:35 GMT" time="0.010" errors="0">
  <testcase name="test" time="0.010" classname="Test.Jmathi.AppTest"/>
</testsuite> <!-- Test.Jmathi.AppTest -->
