<?xml version="1.0" encoding="UTF-8"?>
<!-- Generated by org.testng.reporters.JUnitReportReporter -->
<testsuite skipped="0" hostname="IBM416-PC0GHZYW" name="Test.Jmathi.Gmailloginusingdataprovider" tests="2" failures="0" timestamp="07 Apr 2018 17:07:06 GMT" time="29.417" errors="0">
  <testcase name="gmailloginTest" time="15.588" classname="Test.Jmathi.Gmailloginusingdataprovider"/>
  <testcase name="gmailloginTest" time="13.829" classname="Test.Jmathi.Gmailloginusingdataprovider"/>
</testsuite> <!-- Test.Jmathi.Gmailloginusingdataprovider -->
