<?xml version="1.0" encoding="UTF-8"?>
<!-- Generated by org.testng.reporters.JUnitReportReporter -->
<testsuite skipped="0" hostname="IBM416-PC0GHZYW" name="Test.Jmathi.TableTest" tests="1" failures="0" timestamp="04 Apr 2018 07:56:41 GMT" time="0.119" errors="0">
  <testcase name="tabletest" time="0.119" classname="Test.Jmathi.TableTest"/>
</testsuite> <!-- Test.Jmathi.TableTest -->
