<?xml version="1.0" encoding="UTF-8"?>
<!-- Generated by org.testng.reporters.JUnitReportReporter -->
<testsuite skipped="0" hostname="IBM416-PC0GHZYW" name="Test.Jmathi.Radiobuttonsloop" tests="1" failures="0" timestamp="29 Mar 2018 15:13:05 GMT" time="9.779" errors="0">
  <testcase name="Radiotest" time="9.779" classname="Test.Jmathi.Radiobuttonsloop"/>
</testsuite> <!-- Test.Jmathi.Radiobuttonsloop -->
