<?xml version="1.0" encoding="UTF-8"?>
<!-- Generated by org.testng.reporters.JUnitReportReporter -->
<testsuite skipped="0" hostname="IBM416-PC0GHZYW" name="Test.Jmathi.App" tests="1" failures="0" timestamp="29 Mar 2018 13:28:52 GMT" time="0.012" errors="0">
  <testcase name="test" time="0.012" classname="Test.Jmathi.App"/>
</testsuite> <!-- Test.Jmathi.App -->
