<?xml version="1.0" encoding="UTF-8"?>
<!-- Generated by org.testng.reporters.JUnitReportReporter -->
<testsuite skipped="0" hostname="IBM416-PC0GHZYW" name="Test.Jmathi.ReadExcelTest" tests="1" failures="0" timestamp="08 Apr 2018 16:27:30 GMT" time="0.772" errors="0">
  <testcase name="ReadExcel" time="0.772" classname="Test.Jmathi.ReadExcelTest"/>
</testsuite> <!-- Test.Jmathi.ReadExcelTest -->
