<?xml version="1.0" encoding="UTF-8"?>
<!-- Generated by org.testng.reporters.JUnitReportReporter -->
<testsuite skipped="0" hostname="IBM416-PC0GHZYW" name="Test.Jmathi.TableRowsandColumns" tests="1" failures="0" timestamp="04 Apr 2018 10:05:56 GMT" time="5.931" errors="0">
  <testcase name="RowsColumnsTest" time="5.931" classname="Test.Jmathi.TableRowsandColumns"/>
</testsuite> <!-- Test.Jmathi.TableRowsandColumns -->
