<?xml version="1.0" encoding="UTF-8"?>
<!-- Generated by org.testng.reporters.JUnitReportReporter -->
<testsuite skipped="0" hostname="IBM416-PC0GHZYW" name="Test.Jmathi.uploadanddownloadfile" tests="2" failures="0" timestamp="02 Apr 2018 08:11:19 GMT" time="23.181" errors="0">
  <testcase name="UploadTest" time="8.051" classname="Test.Jmathi.uploadanddownloadfile"/>
  <testcase name="DownloadTest" time="15.130" classname="Test.Jmathi.uploadanddownloadfile"/>
</testsuite> <!-- Test.Jmathi.uploadanddownloadfile -->
