<?xml version="1.0" encoding="UTF-8"?>
<!-- Generated by org.testng.reporters.JUnitReportReporter -->
<testsuite skipped="0" hostname="IBM416-PC0GHZYW" name="Test.Jmathi.ParameterfromDtaProvider" tests="3" failures="0" timestamp="07 Apr 2018 14:33:22 GMT" time="0.508" errors="0">
  <testcase name="parameterfromdataproviderTest" time="0.184" classname="Test.Jmathi.ParameterfromDtaProvider"/>
  <testcase name="parameterfromdataproviderTest" time="0.117" classname="Test.Jmathi.ParameterfromDtaProvider"/>
  <testcase name="parameterfromdataproviderTest" time="0.207" classname="Test.Jmathi.ParameterfromDtaProvider"/>
</testsuite> <!-- Test.Jmathi.ParameterfromDtaProvider -->
