<?xml version="1.0" encoding="UTF-8"?>
<!-- Generated by org.testng.reporters.JUnitReportReporter -->
<testsuite skipped="0" hostname="IBM416-PC0GHZYW" name="Test.Jmathi.Checkboxloop" tests="1" failures="0" timestamp="29 Mar 2018 16:01:58 GMT" time="10.649" errors="0">
  <testcase name="checkboxtest" time="10.649" classname="Test.Jmathi.Checkboxloop"/>
</testsuite> <!-- Test.Jmathi.Checkboxloop -->
