<?xml version="1.0" encoding="UTF-8"?>
<!-- Generated by org.testng.reporters.JUnitReportReporter -->
<testsuite skipped="0" hostname="IBM416-PC0GHZYW" name="Test.Jmathi.keyboardandmouseevent" tests="1" failures="0" timestamp="31 Mar 2018 16:22:56 GMT" time="0.119" errors="0">
  <testcase name="keyboardtest" time="0.119" classname="Test.Jmathi.keyboardandmouseevent"/>
</testsuite> <!-- Test.Jmathi.keyboardandmouseevent -->
