<?xml version="1.0" encoding="UTF-8"?>
<!-- Generated by org.testng.reporters.JUnitReportReporter -->
<testsuite skipped="0" hostname="IBM416-PC0GHZYW" name="Test.Jmathi.WindowPopup" tests="1" failures="0" timestamp="04 Apr 2018 07:55:50 GMT" time="2.761" errors="0">
  <testcase name="WindowpopupTest" time="2.761" classname="Test.Jmathi.WindowPopup"/>
</testsuite> <!-- Test.Jmathi.WindowPopup -->
