<?xml version="1.0" encoding="UTF-8"?>
<!-- Generated by org.testng.reporters.JUnitReportReporter -->
<testsuite skipped="0" hostname="IBM416-PC0GHZYW" name="Test.Jmathi.multiplemouseaction" tests="1" failures="0" timestamp="31 Mar 2018 16:53:24 GMT" time="0.383" errors="0">
  <testcase name="multipleteactiontest" time="0.383" classname="Test.Jmathi.multiplemouseaction"/>
</testsuite> <!-- Test.Jmathi.multiplemouseaction -->
