<?xml version="1.0" encoding="UTF-8"?>
<!-- Generated by org.testng.reporters.JUnitReportReporter -->
<testsuite skipped="0" hostname="IBM416-PC0GHZYW" name="Test.Jmathi.Dropdownloop" tests="1" failures="0" timestamp="29 Mar 2018 17:46:17 GMT" time="20.308" errors="0">
  <testcase name="dropdowntest" time="20.308" classname="Test.Jmathi.Dropdownloop"/>
</testsuite> <!-- Test.Jmathi.Dropdownloop -->
