<?xml version="1.0" encoding="UTF-8"?>
<!-- Generated by org.testng.reporters.JUnitReportReporter -->
<testsuite skipped="0" hostname="IBM416-PC0GHZYW" name="Test.Jmathi.Siblingxpath" tests="1" failures="0" timestamp="05 Apr 2018 03:49:55 GMT" time="0.239" errors="0">
  <testcase name="siblinxpathTest" time="0.239" classname="Test.Jmathi.Siblingxpath"/>
</testsuite> <!-- Test.Jmathi.Siblingxpath -->
